<?xml version="1.0" encoding="UTF-8"?>
<testng-results skipped="0" failed="0" total="4" passed="4">
  <reporter-output>
  </reporter-output>
  <suite name="MySuite" duration-ms="50232" started-at="2020-04-09T12:30:56Z" finished-at="2020-04-09T12:31:46Z">
    <groups>
    </groups>
    <test name="TestC" duration-ms="38329" started-at="2020-04-09T12:30:56Z" finished-at="2020-04-09T12:31:34Z">
      <class name="com.masti.testcases.TestNGParallel.TestC">
        <test-method status="PASS" signature="Test3()[pri:0, instance:com.masti.testcases.TestNGParallel.TestC@6295d394]" name="Test3" duration-ms="38259" started-at="2020-04-09T18:00:56Z" finished-at="2020-04-09T18:01:34Z">
          <reporter-output>
          </reporter-output>
        </test-method> <!-- Test3 -->
        <test-method status="FAIL" signature="TearDown()[pri:0, instance:com.masti.testcases.TestNGParallel.TestC@6295d394]" name="TearDown" is-config="true" duration-ms="0" started-at="2020-04-09T18:01:34Z" finished-at="2020-04-09T18:01:34Z">
          <exception class="java.lang.NullPointerException">
            <full-stacktrace>
              <![CDATA[java.lang.NullPointerException
	at com.masti.testcases.TestNGParallel.TestC.TearDown(TestC.java:21)
	at sun.reflect.NativeMethodAccessorImpl.invoke0(Native Method)
	at sun.reflect.NativeMethodAccessorImpl.invoke(NativeMethodAccessorImpl.java:62)
	at sun.reflect.DelegatingMethodAccessorImpl.invoke(DelegatingMethodAccessorImpl.java:43)
	at java.lang.reflect.Method.invoke(Method.java:498)
	at org.testng.internal.MethodInvocationHelper.invokeMethod(MethodInvocationHelper.java:85)
	at org.testng.internal.Invoker.invokeConfigurationMethod(Invoker.java:510)
	at org.testng.internal.Invoker.invokeConfigurations(Invoker.java:211)
	at org.testng.internal.Invoker.invokeMethod(Invoker.java:708)
	at org.testng.internal.Invoker.invokeTestMethod(Invoker.java:821)
	at org.testng.internal.Invoker.invokeTestMethods(Invoker.java:1131)
	at org.testng.internal.TestMethodWorker.invokeTestMethods(TestMethodWorker.java:124)
	at org.testng.internal.TestMethodWorker.run(TestMethodWorker.java:108)
	at java.util.concurrent.ThreadPoolExecutor.runWorker(ThreadPoolExecutor.java:1149)
	at java.util.concurrent.ThreadPoolExecutor$Worker.run(ThreadPoolExecutor.java:624)
	at java.lang.Thread.run(Thread.java:748)
]]>
            </full-stacktrace>
          </exception> <!-- java.lang.NullPointerException -->
          <reporter-output>
          </reporter-output>
        </test-method> <!-- TearDown -->
      </class> <!-- com.masti.testcases.TestNGParallel.TestC -->
    </test> <!-- TestC -->
    <test name="TestA" duration-ms="40191" started-at="2020-04-09T12:30:56Z" finished-at="2020-04-09T12:31:36Z">
      <class name="com.masti.testcases.TestNGParallel.TestA">
        <test-method status="PASS" signature="Test1()[pri:0, instance:com.masti.testcases.TestNGParallel.TestA@25b485ba]" name="Test1" duration-ms="37668" started-at="2020-04-09T18:00:56Z" finished-at="2020-04-09T18:01:33Z">
          <reporter-output>
          </reporter-output>
        </test-method> <!-- Test1 -->
        <test-method status="PASS" signature="TearDown()[pri:0, instance:com.masti.testcases.TestNGParallel.TestA@25b485ba]" name="TearDown" is-config="true" duration-ms="2459" started-at="2020-04-09T18:01:33Z" finished-at="2020-04-09T18:01:36Z">
          <reporter-output>
          </reporter-output>
        </test-method> <!-- TearDown -->
      </class> <!-- com.masti.testcases.TestNGParallel.TestA -->
    </test> <!-- TestA -->
    <test name="TestB" duration-ms="41599" started-at="2020-04-09T12:30:56Z" finished-at="2020-04-09T12:31:37Z">
      <class name="com.masti.testcases.TestNGParallel.TestB">
        <test-method status="PASS" signature="Test2()[pri:0, instance:com.masti.testcases.TestNGParallel.TestB@3d299e3]" name="Test2" duration-ms="41531" started-at="2020-04-09T18:00:56Z" finished-at="2020-04-09T18:01:37Z">
          <reporter-output>
          </reporter-output>
        </test-method> <!-- Test2 -->
        <test-method status="FAIL" signature="TearDown()[pri:0, instance:com.masti.testcases.TestNGParallel.TestB@3d299e3]" name="TearDown" is-config="true" duration-ms="0" started-at="2020-04-09T18:01:37Z" finished-at="2020-04-09T18:01:37Z">
          <exception class="java.lang.NullPointerException">
            <full-stacktrace>
              <![CDATA[java.lang.NullPointerException
	at com.masti.testcases.TestNGParallel.TestB.TearDown(TestB.java:21)
	at sun.reflect.NativeMethodAccessorImpl.invoke0(Native Method)
	at sun.reflect.NativeMethodAccessorImpl.invoke(NativeMethodAccessorImpl.java:62)
	at sun.reflect.DelegatingMethodAccessorImpl.invoke(DelegatingMethodAccessorImpl.java:43)
	at java.lang.reflect.Method.invoke(Method.java:498)
	at org.testng.internal.MethodInvocationHelper.invokeMethod(MethodInvocationHelper.java:85)
	at org.testng.internal.Invoker.invokeConfigurationMethod(Invoker.java:510)
	at org.testng.internal.Invoker.invokeConfigurations(Invoker.java:211)
	at org.testng.internal.Invoker.invokeMethod(Invoker.java:708)
	at org.testng.internal.Invoker.invokeTestMethod(Invoker.java:821)
	at org.testng.internal.Invoker.invokeTestMethods(Invoker.java:1131)
	at org.testng.internal.TestMethodWorker.invokeTestMethods(TestMethodWorker.java:124)
	at org.testng.internal.TestMethodWorker.run(TestMethodWorker.java:108)
	at java.util.concurrent.ThreadPoolExecutor.runWorker(ThreadPoolExecutor.java:1149)
	at java.util.concurrent.ThreadPoolExecutor$Worker.run(ThreadPoolExecutor.java:624)
	at java.lang.Thread.run(Thread.java:748)
]]>
            </full-stacktrace>
          </exception> <!-- java.lang.NullPointerException -->
          <reporter-output>
          </reporter-output>
        </test-method> <!-- TearDown -->
      </class> <!-- com.masti.testcases.TestNGParallel.TestB -->
    </test> <!-- TestB -->
    <test name="TestD" duration-ms="11790" started-at="2020-04-09T12:31:34Z" finished-at="2020-04-09T12:31:46Z">
      <class name="com.masti.testcases.TestNGParallel.TestD">
        <test-method status="PASS" signature="Test4()[pri:0, instance:com.masti.testcases.TestNGParallel.TestD@5c1a8622]" name="Test4" duration-ms="11776" started-at="2020-04-09T18:01:34Z" finished-at="2020-04-09T18:01:46Z">
          <reporter-output>
          </reporter-output>
        </test-method> <!-- Test4 -->
        <test-method status="FAIL" signature="TearDown()[pri:0, instance:com.masti.testcases.TestNGParallel.TestD@5c1a8622]" name="TearDown" is-config="true" duration-ms="0" started-at="2020-04-09T18:01:46Z" finished-at="2020-04-09T18:01:46Z">
          <exception class="java.lang.NullPointerException">
            <full-stacktrace>
              <![CDATA[java.lang.NullPointerException
	at com.masti.testcases.TestNGParallel.TestD.TearDown(TestD.java:21)
	at sun.reflect.NativeMethodAccessorImpl.invoke0(Native Method)
	at sun.reflect.NativeMethodAccessorImpl.invoke(NativeMethodAccessorImpl.java:62)
	at sun.reflect.DelegatingMethodAccessorImpl.invoke(DelegatingMethodAccessorImpl.java:43)
	at java.lang.reflect.Method.invoke(Method.java:498)
	at org.testng.internal.MethodInvocationHelper.invokeMethod(MethodInvocationHelper.java:85)
	at org.testng.internal.Invoker.invokeConfigurationMethod(Invoker.java:510)
	at org.testng.internal.Invoker.invokeConfigurations(Invoker.java:211)
	at org.testng.internal.Invoker.invokeMethod(Invoker.java:708)
	at org.testng.internal.Invoker.invokeTestMethod(Invoker.java:821)
	at org.testng.internal.Invoker.invokeTestMethods(Invoker.java:1131)
	at org.testng.internal.TestMethodWorker.invokeTestMethods(TestMethodWorker.java:124)
	at org.testng.internal.TestMethodWorker.run(TestMethodWorker.java:108)
	at java.util.concurrent.ThreadPoolExecutor.runWorker(ThreadPoolExecutor.java:1149)
	at java.util.concurrent.ThreadPoolExecutor$Worker.run(ThreadPoolExecutor.java:624)
	at java.lang.Thread.run(Thread.java:748)
]]>
            </full-stacktrace>
          </exception> <!-- java.lang.NullPointerException -->
          <reporter-output>
          </reporter-output>
        </test-method> <!-- TearDown -->
      </class> <!-- com.masti.testcases.TestNGParallel.TestD -->
    </test> <!-- TestD -->
  </suite> <!-- MySuite -->
</testng-results>
