<?xml version="1.0" encoding="UTF-8"?>
<!-- Generated by org.testng.reporters.JUnitXMLReporter -->
<testsuite hostname="L34481WIN" name="TestB" tests="1" failures="0" timestamp="9 Apr 2020 12:31:37 GMT" time="41.599" errors="0">
  <testcase name="@AfterMethod TearDown" time="0.0" classname="com.masti.testcases.TestNGParallel.TestB">
    <failure type="java.lang.NullPointerException">
      <![CDATA[java.lang.NullPointerException
	at com.masti.testcases.TestNGParallel.TestB.TearDown(TestB.java:21)
	at java.util.concurrent.ThreadPoolExecutor.runWorker(ThreadPoolExecutor.java:1149)
	at java.util.concurrent.ThreadPoolExecutor$Worker.run(ThreadPoolExecutor.java:624)
	at java.lang.Thread.run(Thread.java:748)
... Removed 12 stack frames]]>
    </failure>
  </testcase> <!-- @AfterMethod TearDown -->
  <testcase name="Test2" time="41.531" classname="com.masti.testcases.TestNGParallel.TestB"/>
</testsuite> <!-- TestB -->
